

2025-05-11 14:07:38_INFO   : Tisk치rna "420t" 칰sp캩코n캩 zm캩n캩na pro soubor: 25x10_PN.btw
2025-05-11 14:07:40_INFO   : Tisk치rna "420t" 칰sp캩코n캩 zm캩n캩na pro soubor: 25x10_SN.btw
2025-05-11 14:07:45_INFO   : Tisk치rna "50x30_430t" 칰sp캩코n캩 zm캩n캩na pro soubor: 50x30_AXIS.btw
2025-05-11 14:07:49_INFO   : Tisk치rna "50x30_430t" 칰sp캩코n캩 zm캩n캩na pro soubor: 50x30_AXIS_PN.btw
2025-05-11 14:07:51_INFO   : Tisk치rna "50x30_430t" 칰sp캩코n캩 zm캩n캩na pro soubor: 50x30_BLANK.btw
2025-05-11 14:07:53_INFO   : Tisk치rna "50x30_430t" 칰sp캩코n캩 zm캩n캩na pro soubor: 50x30_UNI.btw


2025-05-11 14:17:43_INFO   : Tisk치rna "420t" 칰sp캩코n캩 zm캩n캩na pro soubor: 25x10_PN.btw
2025-05-11 14:17:44_INFO   : Tisk치rna "420t" 칰sp캩코n캩 zm캩n캩na pro soubor: 25x10_SN.btw
2025-05-11 14:17:49_INFO   : Tisk치rna "50x30_430t" 칰sp캩코n캩 zm캩n캩na pro soubor: 50x30_AXIS.btw
2025-05-11 14:17:53_INFO   : Tisk치rna "50x30_430t" 칰sp캩코n캩 zm캩n캩na pro soubor: 50x30_AXIS_PN.btw
2025-05-11 14:17:55_INFO   : Tisk치rna "50x30_430t" 칰sp캩코n캩 zm캩n캩na pro soubor: 50x30_BLANK.btw
2025-05-11 14:17:57_INFO   : Tisk치rna "50x30_430t" 칰sp캩코n캩 zm캩n캩na pro soubor: 50x30_UNI.btw

2025-05-11 15:03:52_INFO   : Tisk치rna "OneNote (Desktop)" 칰sp캩코n캩 zm캩n캩na pro soubor: 25x10_PN.btw
2025-05-11 15:03:56_INFO   : Tisk치rna "OneNote (Desktop)" 칰sp캩코n캩 zm캩n캩na pro soubor: 25x10_SN.btw
2025-05-11 15:03:59_INFO   : Tisk치rna "Microsoft Print to PDF" 칰sp캩코n캩 zm캩n캩na pro soubor: 50x30_AXIS.btw
2025-05-11 15:04:03_INFO   : Tisk치rna "Microsoft Print to PDF" 칰sp캩코n캩 zm캩n캩na pro soubor: 50x30_AXIS_PN.btw
2025-05-11 15:04:06_INFO   : Tisk치rna "Microsoft Print to PDF" 칰sp캩코n캩 zm캩n캩na pro soubor: 50x30_BLANK.btw
2025-05-11 15:04:09_INFO   : Tisk치rna "Microsoft Print to PDF" 칰sp캩코n캩 zm캩n캩na pro soubor: 50x30_UNI.btw

2025-05-11 15:46:14_INFO   : Tisk치rna "OneNote (Desktop)" 칰sp캩코n캩 zm캩n캩na pro soubor: 25x10_PN.btw
2025-05-11 15:46:16_INFO   : Tisk치rna "OneNote (Desktop)" 칰sp캩코n캩 zm캩n캩na pro soubor: 25x10_SN.btw
2025-05-11 15:46:21_INFO   : Tisk치rna "Microsoft Print to PDF" 칰sp캩코n캩 zm캩n캩na pro soubor: 50x30_AXIS.btw
2025-05-11 15:46:26_INFO   : Tisk치rna "Microsoft Print to PDF" 칰sp캩코n캩 zm캩n캩na pro soubor: 50x30_AXIS_PN.btw
2025-05-11 15:46:29_INFO   : Tisk치rna "Microsoft Print to PDF" 칰sp캩코n캩 zm캩n캩na pro soubor: 50x30_BLANK.btw
2025-05-11 15:46:31_INFO   : Tisk치rna "Microsoft Print to PDF" 칰sp캩코n캩 zm캩n캩na pro soubor: 50x30_UNI.btw

2025-05-11 15:53:48_INFO   : Tisk치rna "OneNote (Desktop)" 칰sp캩코n캩 zm캩n캩na pro soubor: 25x10_PN.btw
2025-05-11 15:53:50_INFO   : Tisk치rna "OneNote (Desktop)" 칰sp캩코n캩 zm캩n캩na pro soubor: 25x10_SN.btw
2025-05-11 15:53:58_INFO   : Tisk치rna "Microsoft Print to PDF" 칰sp캩코n캩 zm캩n캩na pro soubor: 50x30_AXIS.btw
2025-05-11 15:54:02_INFO   : Tisk치rna "Microsoft Print to PDF" 칰sp캩코n캩 zm캩n캩na pro soubor: 50x30_AXIS_PN.btw
2025-05-11 15:54:05_INFO   : Tisk치rna "Microsoft Print to PDF" 칰sp캩코n캩 zm캩n캩na pro soubor: 50x30_BLANK.btw
2025-05-11 15:54:07_INFO   : Tisk치rna "Microsoft Print to PDF" 칰sp캩코n캩 zm캩n캩na pro soubor: 50x30_UNI.btw

2025-05-11 17:48:30_INFO   : 游늭 Zpracov치v치 se slo쬶a: T:/Prikazy/DataTPV/ManualLabelPrint_DfA/Etikety
2025-05-11 17:48:34_INFO   : Tisk치rna "Default Printer" 칰sp캩코n캩 zm캩n캩na pro soubor: 25x10_PN.btw
2025-05-11 17:48:37_INFO   : Tisk치rna "Default Printer" 칰sp캩코n캩 zm캩n캩na pro soubor: 25x10_SN.btw
2025-05-11 17:48:42_INFO   : Tisk치rna "Default Printer" 칰sp캩코n캩 zm캩n캩na pro soubor: 50x30_AXIS.btw
2025-05-11 17:48:47_INFO   : Tisk치rna "Default Printer" 칰sp캩코n캩 zm캩n캩na pro soubor: 50x30_AXIS_PN.btw
2025-05-11 17:48:49_INFO   : Tisk치rna "Default Printer" 칰sp캩코n캩 zm캩n캩na pro soubor: 50x30_BLANK.btw
2025-05-11 17:48:52_INFO   : Tisk치rna "Default Printer" 칰sp캩코n캩 zm캩n캩na pro soubor: 50x30_UNI.btw
2025-05-11 17:48:56_INFO   : Tisk치rna "Default Printer" 칰sp캩코n캩 zm캩n캩na pro soubor: 50x45_91374.btw
2025-05-11 17:48:59_INFO   : Tisk치rna "Default Printer" 칰sp캩코n캩 zm캩n캩na pro soubor: 50x45_9159014_1.btw
2025-05-11 17:49:02_INFO   : Tisk치rna "Default Printer" 칰sp캩코n캩 zm캩n캩na pro soubor: 50x45_9159014_2.btw
2025-05-11 17:49:05_INFO   : Tisk치rna "Default Printer" 칰sp캩코n캩 zm캩n캩na pro soubor: 50x45_AXIS.btw
2025-05-11 17:49:09_INFO   : Tisk치rna "Default Printer" 칰sp캩코n캩 zm캩n캩na pro soubor: 50x45_PN.btw
2025-05-11 17:49:12_INFO   : Tisk치rna "Default Printer" 칰sp캩코n캩 zm캩n캩na pro soubor: 50x45_PRODUCT.btw
2025-05-11 17:49:16_INFO   : Tisk치rna "Default Printer" 칰sp캩코n캩 zm캩n캩na pro soubor: 50x45_SAV.btw
2025-05-11 17:49:19_INFO   : Tisk치rna "Default Printer" 칰sp캩코n캩 zm캩n캩na pro soubor: 50x45_UNI.btw
2025-05-11 17:49:22_INFO   : Tisk치rna "Default Printer" 칰sp캩코n캩 zm캩n캩na pro soubor: 57x30_AXIS.btw
2025-05-11 17:49:26_INFO   : Tisk치rna "Default Printer" 칰sp캩코n캩 zm캩n캩na pro soubor: 57x30_AXIS_PN.btw
2025-05-11 17:49:29_INFO   : Tisk치rna "Default Printer" 칰sp캩코n캩 zm캩n캩na pro soubor: 57x30_UNI.btw
2025-05-11 17:49:33_INFO   : Tisk치rna "Default Printer" 칰sp캩코n캩 zm캩n캩na pro soubor: 68x20_AXIS.btw
2025-05-11 17:49:36_INFO   : Tisk치rna "Default Printer" 칰sp캩코n캩 zm캩n캩na pro soubor: 68x20_C4.btw
2025-05-11 17:49:40_INFO   : Tisk치rna "Default Printer" 칰sp캩코n캩 zm캩n캩na pro soubor: 68x20_C4N.btw
2025-05-11 17:49:43_INFO   : Tisk치rna "Default Printer" 칰sp캩코n캩 zm캩n캩na pro soubor: 68x20_PRODUCT.btw
2025-05-11 17:49:46_INFO   : Tisk치rna "Default Printer" 칰sp캩코n캩 zm캩n캩na pro soubor: 68x20_PRODUCT_K.btw
2025-05-11 17:49:50_INFO   : Tisk치rna "Default Printer" 칰sp캩코n캩 zm캩n캩na pro soubor: 68x20_SAV.btw
2025-05-11 17:49:53_INFO   : Tisk치rna "Default Printer" 칰sp캩코n캩 zm캩n캩na pro soubor: 68x20_SL_AN.btw
2025-05-11 17:49:56_INFO   : Tisk치rna "Default Printer" 칰sp캩코n캩 zm캩n캩na pro soubor: 68x20_SL_B.btw
2025-05-11 17:50:00_INFO   : Tisk치rna "Default Printer" 칰sp캩코n캩 zm캩n캩na pro soubor: 68x20_UNI.btw
2025-05-11 17:50:03_INFO   : Tisk치rna "Default Printer" 칰sp캩코n캩 zm캩n캩na pro soubor: 68x20_ZEN.btw
2025-05-11 17:50:06_INFO   : Tisk치rna "Default Printer" 칰sp캩코n캩 zm캩n캩na pro soubor: 80x30_AXIS.btw
2025-05-11 17:50:10_INFO   : Tisk치rna "Default Printer" 칰sp캩코n캩 zm캩n캩na pro soubor: 80x30_AXIS_PN.btw
2025-05-11 17:50:13_INFO   : Tisk치rna "Default Printer" 칰sp캩코n캩 zm캩n캩na pro soubor: 80x30_C4.btw
2025-05-11 17:50:17_INFO   : Tisk치rna "Default Printer" 칰sp캩코n캩 zm캩n캩na pro soubor: 80x30_C4N.btw
2025-05-11 17:50:22_INFO   : Tisk치rna "Default Printer" 칰sp캩코n캩 zm캩n캩na pro soubor: 80x30_PN.btw
2025-05-11 17:50:26_INFO   : Tisk치rna "Default Printer" 칰sp캩코n캩 zm캩n캩na pro soubor: 80x30_SAV.btw
2025-05-11 17:50:31_INFO   : Tisk치rna "Default Printer" 칰sp캩코n캩 zm캩n캩na pro soubor: 80x30_SL_ABN.btw
2025-05-11 17:50:36_INFO   : Tisk치rna "Default Printer" 칰sp캩코n캩 zm캩n캩na pro soubor: 80x30_UNI.btw
2025-05-11 17:50:40_INFO   : Tisk치rna "Default Printer" 칰sp캩코n캩 zm캩n캩na pro soubor: 80x30_ZEN.btw
2025-05-11 17:50:43_INFO   : Tisk치rna "Default Printer" 칰sp캩코n캩 zm캩n캩na pro soubor: 80x57_C4.btw
2025-05-11 17:50:46_INFO   : Tisk치rna "Default Printer" 칰sp캩코n캩 zm캩n캩na pro soubor: 80x57_C4_M.btw
2025-05-11 17:50:50_INFO   : Tisk치rna "Default Printer" 칰sp캩코n캩 zm캩n캩na pro soubor: 80x57_SAV_M.btw
2025-05-11 17:50:50_INFO   : 游늭 Zpracov치v치 se slo쬶a: T:/Prikazy/DataTPV/ManualLabelPrint/Etikety
2025-05-11 17:50:53_INFO   : Tisk치rna "Default Printer" 칰sp캩코n캩 zm캩n캩na pro soubor: 25x10_PN.btw

2025-05-11 18:04:28_INFO   : 游늭 Zpracov치v치 se slo쬶a: T:/Prikazy/DataTPV/ManualLabelPrint_DfA/Etikety
2025-05-11 18:04:28_INFO   : 游늭 Zpracov치v치 se slo쬶a: T:/Prikazy/DataTPV/ManualLabelPrint/Etikety

2025-05-11 18:07:16_INFO   : 游늭 Zpracov치v치 se slo쬶a: T:/Prikazy/DataTPV/ManualLabelPrint_DfA/Etikety
2025-05-11 18:07:21_INFO   : Tisk치rna "OneNote (Desktop)" 칰sp캩코n캩 zm캩n캩na pro soubor: 25x10_PN.btw
2025-05-11 18:07:24_INFO   : Tisk치rna "OneNote (Desktop)" 칰sp캩코n캩 zm캩n캩na pro soubor: 25x10_SN.btw
2025-05-11 18:07:29_INFO   : Tisk치rna "Microsoft Print to PDF" 칰sp캩코n캩 zm캩n캩na pro soubor: 50x30_AXIS.btw
2025-05-11 18:07:34_INFO   : Tisk치rna "Microsoft Print to PDF" 칰sp캩코n캩 zm캩n캩na pro soubor: 50x30_AXIS_PN.btw
2025-05-11 18:07:36_INFO   : Tisk치rna "Microsoft Print to PDF" 칰sp캩코n캩 zm캩n캩na pro soubor: 50x30_BLANK.btw
2025-05-11 18:07:39_INFO   : Tisk치rna "Microsoft Print to PDF" 칰sp캩코n캩 zm캩n캩na pro soubor: 50x30_UNI.btw
2025-05-11 18:07:39_INFO   : 游늭 Zpracov치v치 se slo쬶a: T:/Prikazy/DataTPV/ManualLabelPrint/Etikety
2025-05-11 18:07:42_INFO   : Tisk치rna "OneNote (Desktop)" 칰sp캩코n캩 zm캩n캩na pro soubor: 25x10_PN.btw
2025-05-11 18:07:45_INFO   : Tisk치rna "OneNote (Desktop)" 칰sp캩코n캩 zm캩n캩na pro soubor: 25x10_SN.btw
2025-05-11 18:07:48_INFO   : Tisk치rna "Microsoft Print to PDF" 칰sp캩코n캩 zm캩n캩na pro soubor: 50x30_AXIS.btw
2025-05-11 18:07:52_INFO   : Tisk치rna "Microsoft Print to PDF" 칰sp캩코n캩 zm캩n캩na pro soubor: 50x30_AXIS_PN.btw
2025-05-11 18:07:55_INFO   : Tisk치rna "Microsoft Print to PDF" 칰sp캩코n캩 zm캩n캩na pro soubor: 50x30_BLANK.btw
2025-05-11 18:07:58_INFO   : Tisk치rna "Microsoft Print to PDF" 칰sp캩코n캩 zm캩n캩na pro soubor: 50x30_UNI.btw
